------------------------  lab3-timer0_LED.pjt - Debug  ------------------------
[DSP2833x_ADC_cal.asm] "C:\CCStudio_v3.3PLA\C2000\cgtools\bin\cl2000" -g -pdsw225 -fr"D:/DSP(ccs4.12)/lab3-timer0_LED/Debug" -i"D:/DSP(ccs4.12)/lab3-timer0_LED/INCLUDE" -d"_DEBUG" -d"LARGE_MODEL" -ml -v28 --float_support=fpu32 -@"../Debug.lkf" "DSP2833x_ADC_cal.asm"

[DSP2833x_CodeStartBranch.asm] "C:\CCStudio_v3.3PLA\C2000\cgtools\bin\cl2000" -g -pdsw225 -fr"D:/DSP(ccs4.12)/lab3-timer0_LED/Debug" -i"D:/DSP(ccs4.12)/lab3-timer0_LED/INCLUDE" -d"_DEBUG" -d"LARGE_MODEL" -ml -v28 --float_support=fpu32 -@"../Debug.lkf" "DSP2833x_CodeStartBranch.asm"

[DSP2833x_CpuTimers.c] "C:\CCStudio_v3.3PLA\C2000\cgtools\bin\cl2000" -g -pdsw225 -fr"D:/DSP(ccs4.12)/lab3-timer0_LED/Debug" -i"D:/DSP(ccs4.12)/lab3-timer0_LED/INCLUDE" -d"_DEBUG" -d"LARGE_MODEL" -ml -v28 --float_support=fpu32 -@"../Debug.lkf" "DSP2833x_CpuTimers.c"

[DSP2833x_DefaultIsr.c] "C:\CCStudio_v3.3PLA\C2000\cgtools\bin\cl2000" -g -pdsw225 -fr"D:/DSP(ccs4.12)/lab3-timer0_LED/Debug" -i"D:/DSP(ccs4.12)/lab3-timer0_LED/INCLUDE" -d"_DEBUG" -d"LARGE_MODEL" -ml -v28 --float_support=fpu32 -@"../Debug.lkf" "DSP2833x_DefaultIsr.c"

[DSP2833x_GlobalVariableDefs.c] "C:\CCStudio_v3.3PLA\C2000\cgtools\bin\cl2000" -g -pdsw225 -fr"D:/DSP(ccs4.12)/lab3-timer0_LED/Debug" -i"D:/DSP(ccs4.12)/lab3-timer0_LED/INCLUDE" -d"_DEBUG" -d"LARGE_MODEL" -ml -v28 --float_support=fpu32 -@"../Debug.lkf" "DSP2833x_GlobalVariableDefs.c"

[DSP2833x_PieCtrl.c] "C:\CCStudio_v3.3PLA\C2000\cgtools\bin\cl2000" -g -pdsw225 -fr"D:/DSP(ccs4.12)/lab3-timer0_LED/Debug" -i"D:/DSP(ccs4.12)/lab3-timer0_LED/INCLUDE" -d"_DEBUG" -d"LARGE_MODEL" -ml -v28 --float_support=fpu32 -@"../Debug.lkf" "DSP2833x_PieCtrl.c"

[DSP2833x_PieVect.c] "C:\CCStudio_v3.3PLA\C2000\cgtools\bin\cl2000" -g -pdsw225 -fr"D:/DSP(ccs4.12)/lab3-timer0_LED/Debug" -i"D:/DSP(ccs4.12)/lab3-timer0_LED/INCLUDE" -d"_DEBUG" -d"LARGE_MODEL" -ml -v28 --float_support=fpu32 -@"../Debug.lkf" "DSP2833x_PieVect.c"

[DSP2833x_SysCtrl.c] "C:\CCStudio_v3.3PLA\C2000\cgtools\bin\cl2000" -g -pdsw225 -fr"D:/DSP(ccs4.12)/lab3-timer0_LED/Debug" -i"D:/DSP(ccs4.12)/lab3-timer0_LED/INCLUDE" -d"_DEBUG" -d"LARGE_MODEL" -ml -v28 --float_support=fpu32 -@"../Debug.lkf" "DSP2833x_SysCtrl.c"

[DSP2833x_usDelay.asm] "C:\CCStudio_v3.3PLA\C2000\cgtools\bin\cl2000" -g -pdsw225 -fr"D:/DSP(ccs4.12)/lab3-timer0_LED/Debug" -i"D:/DSP(ccs4.12)/lab3-timer0_LED/INCLUDE" -d"_DEBUG" -d"LARGE_MODEL" -ml -v28 --float_support=fpu32 -@"../Debug.lkf" "DSP2833x_usDelay.asm"

[DSP2833x_Xintf.c] "C:\CCStudio_v3.3PLA\C2000\cgtools\bin\cl2000" -g -pdsw225 -fr"D:/DSP(ccs4.12)/lab3-timer0_LED/Debug" -i"D:/DSP(ccs4.12)/lab3-timer0_LED/INCLUDE" -d"_DEBUG" -d"LARGE_MODEL" -ml -v28 --float_support=fpu32 -@"../Debug.lkf" "DSP2833x_Xintf.c"

[TIMER0.c] "C:\CCStudio_v3.3PLA\C2000\cgtools\bin\cl2000" -g -pdsw225 -fr"D:/DSP(ccs4.12)/lab3-timer0_LED/Debug" -i"D:/DSP(ccs4.12)/lab3-timer0_LED/INCLUDE" -d"_DEBUG" -d"LARGE_MODEL" -ml -v28 --float_support=fpu32 -@"../Debug.lkf" "TIMER0.c"

[Linking...] "C:\CCStudio_v3.3PLA\C2000\cgtools\bin\cl2000" -@"Debug.lkf"
<Linking>

 undefined  first referenced
  symbol        in file     
 ---------  ----------------
 code_strat                 

error: unresolved symbols remain
warning: entry-point symbol "code_strat" undefined
error: errors encountered during linking; "./Debug/TIMER0.out" not built

>> Compilation failure

Build Complete,
  1 Errors, 1 Warnings, 0 Remarks.
